Build started 27/09/2013 16:00:23.
     1>Project "D:\My Documents\GitHub\MGAE-E2013\2DPlatformerEngine\2DPlatformerEngine\2DPlatformerEngine.vcxproj" on node 2 (Build target(s)).
     1>ClCompile:
         C:\Program Files (x86)\Microsoft Visual Studio 12.0\VC\bin\CL.exe /c /Zi /nologo /W3 /WX- /O2 /Oi /Oy- /GL /D _MBCS /Gm- /EHsc /MD /GS /Gy /fp:precise /Zc:wchar_t /Zc:forScope /Fo"Release\\" /Fd"Release\vc120.pdb" /Gd /TP /analyze- /errorReport:prompt Enemy.cpp Game.cpp Level.cpp Map.cpp main.cpp Player.cpp Window.cpp
         Enemy.cpp
         Game.cpp
         Level.cpp
         Map.cpp
         main.cpp
         Player.cpp
         Window.cpp
       Link:
         C:\Program Files (x86)\Microsoft Visual Studio 12.0\VC\bin\link.exe /ERRORREPORT:PROMPT /OUT:"D:\My Documents\GitHub\MGAE-E2013\2DPlatformerEngine\Release\2DPlatformerEngine.exe" /NOLOGO SDL2.lib SDL2main.lib SDL2_image.lib SDL2_ttf.lib kernel32.lib user32.lib gdi32.lib winspool.lib comdlg32.lib advapi32.lib shell32.lib ole32.lib oleaut32.lib uuid.lib odbc32.lib odbccp32.lib /MANIFEST /MANIFESTUAC:"level='asInvoker' uiAccess='false'" /manifest:embed /DEBUG /PDB:"D:\My Documents\GitHub\MGAE-E2013\2DPlatformerEngine\Release\2DPlatformerEngine.pdb" /SUBSYSTEM:WINDOWS /OPT:REF /OPT:ICF /LTCG /TLBID:1 /DYNAMICBASE /NXCOMPAT /IMPLIB:"D:\My Documents\GitHub\MGAE-E2013\2DPlatformerEngine\Release\2DPlatformerEngine.lib" /MACHINE:X86 /SAFESEH Release\Enemy.obj
         Release\Game.obj
         Release\Level.obj
         Release\Map.obj
         Release\main.obj
         Release\Player.obj
         Release\Window.obj
         Generating code
         Finished generating code
         2DPlatformerEngine.vcxproj -> D:\My Documents\GitHub\MGAE-E2013\2DPlatformerEngine\Release\2DPlatformerEngine.exe
     1>Done Building Project "D:\My Documents\GitHub\MGAE-E2013\2DPlatformerEngine\2DPlatformerEngine\2DPlatformerEngine.vcxproj" (Build target(s)).

Build succeeded.

Time Elapsed 00:00:03.04
